{
  "RSpec": {
    "coverage": {
      "/home/benny/workspace/notes-api/spec/controllers/notes_controller_spec.rb": [
        1,
        null,
        1,
        1,
        1,
        1,
        1,
        null,
        null,
        1,
        1,
        2,
        null,
        1,
        1,
        1,
        null,
        null,
        null,
        1,
        1,
        3,
        null,
        null,
        1,
        1,
        null,
        null,
        1,
        1,
        1,
        1,
        null,
        null,
        1,
        1,
        1,
        1,
        null,
        null,
        null,
        1,
        1,
        1,
        1,
        null,
        null,
        1,
        1,
        1,
        null,
        null,
        1,
        1,
        1,
        1,
        1,
        null,
        null,
        null,
        1,
        1,
        1,
        1,
        1,
        1,
        null,
        null,
        null,
        1,
        1,
        4,
        null,
        null,
        1,
        1,
        null,
        null,
        null,
        null,
        null,
        1,
        1,
        1,
        1,
        null,
        null,
        1,
        1,
        null,
        null,
        1,
        null,
        null,
        1,
        1,
        null,
        null,
        1,
        null,
        null,
        1,
        1,
        null,
        null,
        null,
        1,
        1,
        1,
        null,
        null,
        null,
        1,
        1,
        2,
        2,
        null,
        null,
        1,
        null,
        1,
        1,
        null,
        null,
        1,
        1,
        null,
        null,
        null
      ],
      "/home/benny/workspace/notes-api/spec/rails_helper.rb": [
        null,
        1,
        1,
        1,
        null,
        1,
        1,
        null,
        null,
        null,
        null,
        null,
        null,
        null,
        null,
        null,
        null,
        null,
        null,
        null,
        null,
        null,
        null,
        null,
        null,
        null,
        1,
        null,
        1,
        null,
        1,
        null,
        null,
        null,
        null,
        1,
        null,
        null,
        null,
        null,
        null,
        null,
        null,
        null,
        null,
        null,
        null,
        null,
        null,
        null,
        1,
        null,
        null,
        1,
        null,
        null,
        null
      ],
      "/home/benny/workspace/notes-api/config/environment.rb": [
        null,
        1,
        null,
        null,
        1
      ],
      "/home/benny/workspace/notes-api/config/application.rb": [
        1,
        null,
        1,
        null,
        1,
        1,
        1,
        1,
        1,
        1,
        1,
        null,
        null,
        null,
        null,
        null,
        1,
        null,
        1,
        1,
        null,
        1,
        null,
        null,
        null,
        null,
        null,
        null,
        null,
        null,
        1,
        null,
        null
      ],
      "/home/benny/workspace/notes-api/config/boot.rb": [
        1,
        null,
        1
      ],
      "/home/benny/workspace/notes-api/config/environments/test.rb": [
        1,
        null,
        null,
        null,
        null,
        null,
        null,
        1,
        null,
        null,
        null,
        null,
        1,
        null,
        null,
        1,
        1,
        null,
        null,
        null,
        null,
        1,
        1,
        null,
        null,
        1,
        null,
        null,
        1,
        1,
        null,
        null,
        null,
        null,
        1,
        null,
        null,
        1,
        null,
        null,
        null,
        null
      ],
      "/home/benny/workspace/notes-api/config/initializers/application_controller_renderer.rb": [
        null,
        null,
        null,
        null,
        null,
        null
      ],
      "/home/benny/workspace/notes-api/config/initializers/backtrace_silencers.rb": [
        null,
        null,
        null,
        null,
        null,
        null,
        null
      ],
      "/home/benny/workspace/notes-api/config/initializers/cors.rb": [
        null,
        null,
        null,
        null,
        null,
        null,
        null,
        null,
        null,
        null,
        null,
        null,
        null,
        null,
        null,
        null
      ],
      "/home/benny/workspace/notes-api/config/initializers/filter_parameter_logging.rb": [
        null,
        null,
        null,
        1
      ],
      "/home/benny/workspace/notes-api/config/initializers/inflections.rb": [
        null,
        null,
        null,
        null,
        null,
        null,
        null,
        null,
        null,
        null,
        null,
        null,
        null,
        null,
        null,
        null
      ],
      "/home/benny/workspace/notes-api/config/initializers/mime_types.rb": [
        null,
        null,
        null,
        null
      ],
      "/home/benny/workspace/notes-api/config/initializers/wrap_parameters.rb": [
        null,
        null,
        null,
        null,
        null,
        null,
        1,
        2,
        null,
        null,
        null,
        null,
        null,
        null
      ],
      "/home/benny/workspace/notes-api/spec/factories/notes.rb": [
        1,
        1,
        1,
        1,
        null,
        null
      ],
      "/home/benny/workspace/notes-api/app/models/note.rb": [
        1,
        1,
        1,
        1,
        null
      ],
      "/home/benny/workspace/notes-api/app/models/application_record.rb": [
        1,
        1,
        null
      ],
      "/home/benny/workspace/notes-api/spec/factories/tags.rb": [
        1,
        1,
        null,
        null,
        null
      ],
      "/home/benny/workspace/notes-api/config/routes.rb": [
        1,
        1,
        1,
        null,
        null
      ],
      "/home/benny/workspace/notes-api/app/controllers/notes_controller.rb": [
        1,
        1,
        2,
        2,
        null,
        null,
        1,
        6,
        6,
        null,
        3,
        null,
        3,
        null,
        null,
        null,
        1,
        1,
        1,
        null,
        null,
        1,
        4,
        4,
        1,
        null,
        3,
        null,
        null,
        null,
        1,
        2,
        2,
        2,
        null,
        null,
        null,
        1,
        null,
        1,
        10,
        null,
        null,
        1,
        6,
        null,
        null
      ],
      "/home/benny/workspace/notes-api/app/controllers/application_controller.rb": [
        1,
        null
      ],
      "/home/benny/workspace/notes-api/spec/controllers/tags_controller_spec.rb": [
        1,
        null,
        1,
        1,
        1,
        2,
        2,
        null,
        null,
        1,
        1,
        null,
        null,
        1,
        1,
        null,
        null,
        null,
        1,
        1,
        2,
        2,
        null,
        null,
        1,
        1,
        null,
        null,
        1,
        1,
        1,
        null,
        null,
        null
      ],
      "/home/benny/workspace/notes-api/app/controllers/tags_controller.rb": [
        1,
        1,
        4,
        4,
        4,
        2,
        null,
        null,
        null,
        1,
        null,
        1,
        4,
        null,
        null,
        1,
        2,
        null,
        null
      ],
      "/home/benny/workspace/notes-api/spec/models/note_spec.rb": [
        1,
        null,
        1,
        null,
        null
      ],
      "/home/benny/workspace/notes-api/spec/models/tag_spec.rb": [
        1,
        null,
        1,
        null,
        null
      ],
      "/home/benny/workspace/notes-api/app/models/tag.rb": [
        1,
        1,
        1,
        null
      ]
    },
    "timestamp": 1495380527
  }
}
